99.03.17 14:21 B H:\figuras\3demail.gif <-- BAIACU /usr/home/www/figuras 3demail.gif
99.03.17 14:21 B H:\figuras\anmail.gif <-- BAIACU /usr/home/www/figuras anmail.gif
99.03.17 14:21 B H:\figuras\backg.gif <-- BAIACU /usr/home/www/figuras backg.gif
99.03.17 14:21 B H:\figuras\backg.jpg <-- BAIACU /usr/home/www/figuras backg.jpg
99.03.17 14:21 B H:\figuras\ball.gif <-- BAIACU /usr/home/www/figuras ball.gif
99.03.17 14:21 B H:\figuras\emc1.gif <-- BAIACU /usr/home/www/figuras emc1.gif
99.03.17 14:21 B H:\figuras\emc1.jpg <-- BAIACU /usr/home/www/figuras emc1.jpg
99.03.17 14:21 B H:\figuras\lmp-anim.gif <-- BAIACU /usr/home/www/figuras lmp-anim.gif
99.03.17 14:21 B H:\figuras\lmp.gif <-- BAIACU /usr/home/www/figuras lmp.gif
99.03.17 14:21 B H:\figuras\lmp_anim.gif <-- BAIACU /usr/home/www/figuras lmp_anim.gif
99.03.17 14:21 B H:\figuras\lmp_ferramenta.gif <-- BAIACU /usr/home/www/figuras lmp_ferramenta.gif
99.03.17 14:21 B H:\figuras\lmp_sigla.gif <-- BAIACU /usr/home/www/figuras lmp_sigla.gif
99.03.17 14:21 B H:\figuras\lmp_sigla2.gif <-- BAIACU /usr/home/www/figuras lmp_sigla2.gif
99.03.17 14:21 B H:\figuras\lmp_sigla3.gif <-- BAIACU /usr/home/www/figuras lmp_sigla3.gif
99.03.17 14:21 B H:\figuras\lmpanim.gif <-- BAIACU /usr/home/www/figuras lmpanim.gif
99.03.17 14:21 B H:\figuras\lmpanim2.gif <-- BAIACU /usr/home/www/figuras lmpanim2.gif
99.03.17 14:21 B H:\figuras\lmphp.gif <-- BAIACU /usr/home/www/figuras lmphp.gif
99.03.17 14:21 B H:\figuras\logoufsc.gif <-- BAIACU /usr/home/www/figuras logoufsc.gif
99.03.17 14:21 B H:\figuras\logoufsc62x67.gif <-- BAIACU /usr/home/www/figuras logoufsc62x67.gif
99.03.17 14:21 B H:\figuras\opanmail.gif <-- BAIACU /usr/home/www/figuras opanmail.gif
99.03.17 14:21 B H:\figuras\organ.jpg <-- BAIACU /usr/home/www/figuras organ.jpg
99.03.17 14:21 B H:\figuras\profile.gif <-- BAIACU /usr/home/www/figuras profile.gif
99.03.17 14:21 B H:\figuras\profile_diretorio.bmp <-- BAIACU /usr/home/www/figuras profile_diretorio.bmp
99.03.17 14:21 B H:\figuras\profile_diretorio.gif <-- BAIACU /usr/home/www/figuras profile_diretorio.gif
99.03.17 14:21 B H:\figuras\profile_manager.bmp <-- BAIACU /usr/home/www/figuras profile_manager.bmp
99.03.17 14:21 B H:\figuras\profile_manager.gif <-- BAIACU /usr/home/www/figuras profile_manager.gif
99.03.25 18:26 B H:\figuras\3demail.gif --> lmp.ufsc.br /usr/local/www/data/figuras 3demail.gif
99.03.25 18:26 B H:\figuras\anmail.gif --> lmp.ufsc.br /usr/local/www/data/figuras anmail.gif
99.03.25 18:26 B H:\figuras\backg.gif --> lmp.ufsc.br /usr/local/www/data/figuras backg.gif
99.03.25 18:26 B H:\figuras\backg.jpg --> lmp.ufsc.br /usr/local/www/data/figuras backg.jpg
99.03.25 18:26 B H:\figuras\ball.gif --> lmp.ufsc.br /usr/local/www/data/figuras ball.gif
99.03.25 18:26 B H:\figuras\emc1.gif --> lmp.ufsc.br /usr/local/www/data/figuras emc1.gif
99.03.25 18:26 B H:\figuras\emc1.jpg --> lmp.ufsc.br /usr/local/www/data/figuras emc1.jpg
99.03.25 18:26 B H:\figuras\lmp-anim.gif --> lmp.ufsc.br /usr/local/www/data/figuras lmp-anim.gif
99.03.25 18:26 B H:\figuras\lmp.gif --> lmp.ufsc.br /usr/local/www/data/figuras lmp.gif
99.03.25 18:26 B H:\figuras\lmp_anim.gif --> lmp.ufsc.br /usr/local/www/data/figuras lmp_anim.gif
99.03.25 18:26 B H:\figuras\lmp_ferramenta.gif --> lmp.ufsc.br /usr/local/www/data/figuras lmp_ferramenta.gif
99.03.25 18:26 B H:\figuras\lmp_sigla.gif --> lmp.ufsc.br /usr/local/www/data/figuras lmp_sigla.gif
99.03.25 18:26 B H:\figuras\lmp_sigla2.gif --> lmp.ufsc.br /usr/local/www/data/figuras lmp_sigla2.gif
99.03.25 18:26 B H:\figuras\lmp_sigla3.gif --> lmp.ufsc.br /usr/local/www/data/figuras lmp_sigla3.gif
99.03.25 18:26 B H:\figuras\lmpanim.gif --> lmp.ufsc.br /usr/local/www/data/figuras lmpanim.gif
99.03.25 18:26 B H:\figuras\lmpanim2.gif --> lmp.ufsc.br /usr/local/www/data/figuras lmpanim2.gif
99.03.25 18:26 B H:\figuras\lmphp.gif --> lmp.ufsc.br /usr/local/www/data/figuras lmphp.gif
99.03.25 18:26 B H:\figuras\logoufsc.gif --> lmp.ufsc.br /usr/local/www/data/figuras logoufsc.gif
99.03.25 18:26 B H:\figuras\logoufsc62x67.gif --> lmp.ufsc.br /usr/local/www/data/figuras logoufsc62x67.gif
99.03.25 18:26 B H:\figuras\opanmail.gif --> lmp.ufsc.br /usr/local/www/data/figuras opanmail.gif
99.03.25 18:26 B H:\figuras\organ.jpg --> lmp.ufsc.br /usr/local/www/data/figuras organ.jpg
99.03.25 18:26 B H:\figuras\profile.gif --> lmp.ufsc.br /usr/local/www/data/figuras profile.gif
99.03.25 18:27 B H:\figuras\profile_diretorio.bmp --> lmp.ufsc.br /usr/local/www/data/figuras profile_diretorio.bmp
99.03.25 18:27 B H:\figuras\profile_diretorio.gif --> lmp.ufsc.br /usr/local/www/data/figuras profile_diretorio.gif
99.03.25 18:27 B H:\figuras\profile_manager.bmp --> lmp.ufsc.br /usr/local/www/data/figuras profile_manager.bmp
99.03.25 18:27 B H:\figuras\profile_manager.gif --> lmp.ufsc.br /usr/local/www/data/figuras profile_manager.gif
